  main.cpp
C:\Users\USER\source\repos\Project117\sphere.h(175,26): warning C4244: 'initializing': conversion from 'double' to 'float', possible loss of data
  (compiling source file 'main.cpp')
  
C:\Users\USER\source\repos\Project117\sphere.h(176,25): warning C4244: 'initializing': conversion from 'double' to 'float', possible loss of data
  (compiling source file 'main.cpp')
  
C:\Users\USER\source\repos\Project117\sphere.h(178,26): warning C4244: 'initializing': conversion from 'double' to 'float', possible loss of data
  (compiling source file 'main.cpp')
  
C:\Users\USER\source\repos\Project117\main.cpp(171,35): warning C4305: 'initializing': truncation from 'double' to 'float'
C:\Users\USER\source\repos\Project117\main.cpp(439,37): warning C4244: 'initializing': conversion from 'double' to 'float', possible loss of data
C:\Users\USER\source\repos\Project117\main.cpp(439,28): warning C4244: 'initializing': conversion from 'double' to 'const float', possible loss of data
C:\Users\USER\source\repos\Project117\main.cpp(442,18): warning C4244: 'initializing': conversion from 'double' to 'float', possible loss of data
C:\Users\USER\source\repos\Project117\main.cpp(452,29): warning C4244: '=': conversion from 'double' to 'float', possible loss of data
C:\Users\USER\source\repos\Project117\main.cpp(458,23): warning C4244: '=': conversion from 'double' to 'float', possible loss of data
C:\Users\USER\source\repos\Project117\main.cpp(459,23): warning C4244: '=': conversion from 'double' to 'float', possible loss of data
C:\Users\USER\source\repos\Project117\main.cpp(558,14): warning C4305: 'initializing': truncation from 'double' to '_Ty'
C:\Users\USER\source\repos\Project117\main.cpp(558,14): warning C4305:         with
C:\Users\USER\source\repos\Project117\main.cpp(558,14): warning C4305:         [
C:\Users\USER\source\repos\Project117\main.cpp(558,14): warning C4305:             _Ty=float
C:\Users\USER\source\repos\Project117\main.cpp(558,14): warning C4305:         ]
C:\Users\USER\source\repos\Project117\main.cpp(558,22): warning C4305: 'initializing': truncation from 'double' to '_Ty'
C:\Users\USER\source\repos\Project117\main.cpp(558,22): warning C4305:         with
C:\Users\USER\source\repos\Project117\main.cpp(558,22): warning C4305:         [
C:\Users\USER\source\repos\Project117\main.cpp(558,22): warning C4305:             _Ty=float
C:\Users\USER\source\repos\Project117\main.cpp(558,22): warning C4305:         ]
C:\Users\USER\source\repos\Project117\main.cpp(559,9): warning C4305: 'initializing': truncation from 'double' to '_Ty'
C:\Users\USER\source\repos\Project117\main.cpp(559,9): warning C4305:         with
C:\Users\USER\source\repos\Project117\main.cpp(559,9): warning C4305:         [
C:\Users\USER\source\repos\Project117\main.cpp(559,9): warning C4305:             _Ty=float
C:\Users\USER\source\repos\Project117\main.cpp(559,9): warning C4305:         ]
C:\Users\USER\source\repos\Project117\main.cpp(559,18): warning C4305: 'initializing': truncation from 'double' to '_Ty'
C:\Users\USER\source\repos\Project117\main.cpp(559,18): warning C4305:         with
C:\Users\USER\source\repos\Project117\main.cpp(559,18): warning C4305:         [
C:\Users\USER\source\repos\Project117\main.cpp(559,18): warning C4305:             _Ty=float
C:\Users\USER\source\repos\Project117\main.cpp(559,18): warning C4305:         ]
C:\Users\USER\source\repos\Project117\main.cpp(559,26): warning C4305: 'initializing': truncation from 'double' to '_Ty'
C:\Users\USER\source\repos\Project117\main.cpp(559,26): warning C4305:         with
C:\Users\USER\source\repos\Project117\main.cpp(559,26): warning C4305:         [
C:\Users\USER\source\repos\Project117\main.cpp(559,26): warning C4305:             _Ty=float
C:\Users\USER\source\repos\Project117\main.cpp(559,26): warning C4305:         ]
C:\Users\USER\source\repos\Project117\main.cpp(560,9): warning C4305: 'initializing': truncation from 'double' to '_Ty'
C:\Users\USER\source\repos\Project117\main.cpp(560,9): warning C4305:         with
C:\Users\USER\source\repos\Project117\main.cpp(560,9): warning C4305:         [
C:\Users\USER\source\repos\Project117\main.cpp(560,9): warning C4305:             _Ty=float
C:\Users\USER\source\repos\Project117\main.cpp(560,9): warning C4305:         ]
C:\Users\USER\source\repos\Project117\main.cpp(560,18): warning C4305: 'initializing': truncation from 'double' to '_Ty'
C:\Users\USER\source\repos\Project117\main.cpp(560,18): warning C4305:         with
C:\Users\USER\source\repos\Project117\main.cpp(560,18): warning C4305:         [
C:\Users\USER\source\repos\Project117\main.cpp(560,18): warning C4305:             _Ty=float
C:\Users\USER\source\repos\Project117\main.cpp(560,18): warning C4305:         ]
C:\Users\USER\source\repos\Project117\main.cpp(560,26): warning C4305: 'initializing': truncation from 'double' to '_Ty'
C:\Users\USER\source\repos\Project117\main.cpp(560,26): warning C4305:         with
C:\Users\USER\source\repos\Project117\main.cpp(560,26): warning C4305:         [
C:\Users\USER\source\repos\Project117\main.cpp(560,26): warning C4305:             _Ty=float
C:\Users\USER\source\repos\Project117\main.cpp(560,26): warning C4305:         ]
C:\Users\USER\source\repos\Project117\main.cpp(561,9): warning C4305: 'initializing': truncation from 'double' to '_Ty'
C:\Users\USER\source\repos\Project117\main.cpp(561,9): warning C4305:         with
C:\Users\USER\source\repos\Project117\main.cpp(561,9): warning C4305:         [
C:\Users\USER\source\repos\Project117\main.cpp(561,9): warning C4305:             _Ty=float
C:\Users\USER\source\repos\Project117\main.cpp(561,9): warning C4305:         ]
C:\Users\USER\source\repos\Project117\main.cpp(561,18): warning C4305: 'initializing': truncation from 'double' to '_Ty'
C:\Users\USER\source\repos\Project117\main.cpp(561,18): warning C4305:         with
C:\Users\USER\source\repos\Project117\main.cpp(561,18): warning C4305:         [
C:\Users\USER\source\repos\Project117\main.cpp(561,18): warning C4305:             _Ty=float
C:\Users\USER\source\repos\Project117\main.cpp(561,18): warning C4305:         ]
C:\Users\USER\source\repos\Project117\main.cpp(561,26): warning C4305: 'initializing': truncation from 'double' to '_Ty'
C:\Users\USER\source\repos\Project117\main.cpp(561,26): warning C4305:         with
C:\Users\USER\source\repos\Project117\main.cpp(561,26): warning C4305:         [
C:\Users\USER\source\repos\Project117\main.cpp(561,26): warning C4305:             _Ty=float
C:\Users\USER\source\repos\Project117\main.cpp(561,26): warning C4305:         ]
C:\Users\USER\source\repos\Project117\main.cpp(562,9): warning C4305: 'initializing': truncation from 'double' to '_Ty'
C:\Users\USER\source\repos\Project117\main.cpp(562,9): warning C4305:         with
C:\Users\USER\source\repos\Project117\main.cpp(562,9): warning C4305:         [
C:\Users\USER\source\repos\Project117\main.cpp(562,9): warning C4305:             _Ty=float
C:\Users\USER\source\repos\Project117\main.cpp(562,9): warning C4305:         ]
C:\Users\USER\source\repos\Project117\main.cpp(562,18): warning C4305: 'initializing': truncation from 'double' to '_Ty'
C:\Users\USER\source\repos\Project117\main.cpp(562,18): warning C4305:         with
C:\Users\USER\source\repos\Project117\main.cpp(562,18): warning C4305:         [
C:\Users\USER\source\repos\Project117\main.cpp(562,18): warning C4305:             _Ty=float
C:\Users\USER\source\repos\Project117\main.cpp(562,18): warning C4305:         ]
C:\Users\USER\source\repos\Project117\main.cpp(562,26): warning C4305: 'initializing': truncation from 'double' to '_Ty'
C:\Users\USER\source\repos\Project117\main.cpp(562,26): warning C4305:         with
C:\Users\USER\source\repos\Project117\main.cpp(562,26): warning C4305:         [
C:\Users\USER\source\repos\Project117\main.cpp(562,26): warning C4305:             _Ty=float
C:\Users\USER\source\repos\Project117\main.cpp(562,26): warning C4305:         ]
C:\Users\USER\source\repos\Project117\main.cpp(563,9): warning C4305: 'initializing': truncation from 'double' to '_Ty'
C:\Users\USER\source\repos\Project117\main.cpp(563,9): warning C4305:         with
C:\Users\USER\source\repos\Project117\main.cpp(563,9): warning C4305:         [
C:\Users\USER\source\repos\Project117\main.cpp(563,9): warning C4305:             _Ty=float
C:\Users\USER\source\repos\Project117\main.cpp(563,9): warning C4305:         ]
C:\Users\USER\source\repos\Project117\main.cpp(563,18): warning C4305: 'initializing': truncation from 'double' to '_Ty'
C:\Users\USER\source\repos\Project117\main.cpp(563,18): warning C4305:         with
C:\Users\USER\source\repos\Project117\main.cpp(563,18): warning C4305:         [
C:\Users\USER\source\repos\Project117\main.cpp(563,18): warning C4305:             _Ty=float
C:\Users\USER\source\repos\Project117\main.cpp(563,18): warning C4305:         ]
C:\Users\USER\source\repos\Project117\main.cpp(563,26): warning C4305: 'initializing': truncation from 'double' to '_Ty'
C:\Users\USER\source\repos\Project117\main.cpp(563,26): warning C4305:         with
C:\Users\USER\source\repos\Project117\main.cpp(563,26): warning C4305:         [
C:\Users\USER\source\repos\Project117\main.cpp(563,26): warning C4305:             _Ty=float
C:\Users\USER\source\repos\Project117\main.cpp(563,26): warning C4305:         ]
C:\Users\USER\source\repos\Project117\main.cpp(564,9): warning C4305: 'initializing': truncation from 'double' to '_Ty'
C:\Users\USER\source\repos\Project117\main.cpp(564,9): warning C4305:         with
C:\Users\USER\source\repos\Project117\main.cpp(564,9): warning C4305:         [
C:\Users\USER\source\repos\Project117\main.cpp(564,9): warning C4305:             _Ty=float
C:\Users\USER\source\repos\Project117\main.cpp(564,9): warning C4305:         ]
C:\Users\USER\source\repos\Project117\main.cpp(564,18): warning C4305: 'initializing': truncation from 'double' to '_Ty'
C:\Users\USER\source\repos\Project117\main.cpp(564,18): warning C4305:         with
C:\Users\USER\source\repos\Project117\main.cpp(564,18): warning C4305:         [
C:\Users\USER\source\repos\Project117\main.cpp(564,18): warning C4305:             _Ty=float
C:\Users\USER\source\repos\Project117\main.cpp(564,18): warning C4305:         ]
C:\Users\USER\source\repos\Project117\main.cpp(564,26): warning C4305: 'initializing': truncation from 'double' to '_Ty'
C:\Users\USER\source\repos\Project117\main.cpp(564,26): warning C4305:         with
C:\Users\USER\source\repos\Project117\main.cpp(564,26): warning C4305:         [
C:\Users\USER\source\repos\Project117\main.cpp(564,26): warning C4305:             _Ty=float
C:\Users\USER\source\repos\Project117\main.cpp(564,26): warning C4305:         ]
C:\Users\USER\source\repos\Project117\main.cpp(565,9): warning C4305: 'initializing': truncation from 'double' to '_Ty'
C:\Users\USER\source\repos\Project117\main.cpp(565,9): warning C4305:         with
C:\Users\USER\source\repos\Project117\main.cpp(565,9): warning C4305:         [
C:\Users\USER\source\repos\Project117\main.cpp(565,9): warning C4305:             _Ty=float
C:\Users\USER\source\repos\Project117\main.cpp(565,9): warning C4305:         ]
C:\Users\USER\source\repos\Project117\main.cpp(565,18): warning C4305: 'initializing': truncation from 'double' to '_Ty'
C:\Users\USER\source\repos\Project117\main.cpp(565,18): warning C4305:         with
C:\Users\USER\source\repos\Project117\main.cpp(565,18): warning C4305:         [
C:\Users\USER\source\repos\Project117\main.cpp(565,18): warning C4305:             _Ty=float
C:\Users\USER\source\repos\Project117\main.cpp(565,18): warning C4305:         ]
C:\Users\USER\source\repos\Project117\main.cpp(565,26): warning C4305: 'initializing': truncation from 'double' to '_Ty'
C:\Users\USER\source\repos\Project117\main.cpp(565,26): warning C4305:         with
C:\Users\USER\source\repos\Project117\main.cpp(565,26): warning C4305:         [
C:\Users\USER\source\repos\Project117\main.cpp(565,26): warning C4305:             _Ty=float
C:\Users\USER\source\repos\Project117\main.cpp(565,26): warning C4305:         ]
C:\Users\USER\source\repos\Project117\main.cpp(566,9): warning C4305: 'initializing': truncation from 'double' to '_Ty'
C:\Users\USER\source\repos\Project117\main.cpp(566,9): warning C4305:         with
C:\Users\USER\source\repos\Project117\main.cpp(566,9): warning C4305:         [
C:\Users\USER\source\repos\Project117\main.cpp(566,9): warning C4305:             _Ty=float
C:\Users\USER\source\repos\Project117\main.cpp(566,9): warning C4305:         ]
C:\Users\USER\source\repos\Project117\main.cpp(566,18): warning C4305: 'initializing': truncation from 'double' to '_Ty'
C:\Users\USER\source\repos\Project117\main.cpp(566,18): warning C4305:         with
C:\Users\USER\source\repos\Project117\main.cpp(566,18): warning C4305:         [
C:\Users\USER\source\repos\Project117\main.cpp(566,18): warning C4305:             _Ty=float
C:\Users\USER\source\repos\Project117\main.cpp(566,18): warning C4305:         ]
C:\Users\USER\source\repos\Project117\main.cpp(566,26): warning C4305: 'initializing': truncation from 'double' to '_Ty'
C:\Users\USER\source\repos\Project117\main.cpp(566,26): warning C4305:         with
C:\Users\USER\source\repos\Project117\main.cpp(566,26): warning C4305:         [
C:\Users\USER\source\repos\Project117\main.cpp(566,26): warning C4305:             _Ty=float
C:\Users\USER\source\repos\Project117\main.cpp(566,26): warning C4305:         ]
C:\Users\USER\source\repos\Project117\main.cpp(567,18): warning C4305: 'initializing': truncation from 'double' to '_Ty'
C:\Users\USER\source\repos\Project117\main.cpp(567,18): warning C4305:         with
C:\Users\USER\source\repos\Project117\main.cpp(567,18): warning C4305:         [
C:\Users\USER\source\repos\Project117\main.cpp(567,18): warning C4305:             _Ty=float
C:\Users\USER\source\repos\Project117\main.cpp(567,18): warning C4305:         ]
C:\Users\USER\source\repos\Project117\main.cpp(567,26): warning C4305: 'initializing': truncation from 'double' to '_Ty'
C:\Users\USER\source\repos\Project117\main.cpp(567,26): warning C4305:         with
C:\Users\USER\source\repos\Project117\main.cpp(567,26): warning C4305:         [
C:\Users\USER\source\repos\Project117\main.cpp(567,26): warning C4305:             _Ty=float
C:\Users\USER\source\repos\Project117\main.cpp(567,26): warning C4305:         ]
C:\Users\USER\source\repos\Project117\main.cpp(568,9): warning C4305: 'initializing': truncation from 'double' to '_Ty'
C:\Users\USER\source\repos\Project117\main.cpp(568,9): warning C4305:         with
C:\Users\USER\source\repos\Project117\main.cpp(568,9): warning C4305:         [
C:\Users\USER\source\repos\Project117\main.cpp(568,9): warning C4305:             _Ty=float
C:\Users\USER\source\repos\Project117\main.cpp(568,9): warning C4305:         ]
C:\Users\USER\source\repos\Project117\main.cpp(568,18): warning C4305: 'initializing': truncation from 'double' to '_Ty'
C:\Users\USER\source\repos\Project117\main.cpp(568,18): warning C4305:         with
C:\Users\USER\source\repos\Project117\main.cpp(568,18): warning C4305:         [
C:\Users\USER\source\repos\Project117\main.cpp(568,18): warning C4305:             _Ty=float
C:\Users\USER\source\repos\Project117\main.cpp(568,18): warning C4305:         ]
C:\Users\USER\source\repos\Project117\main.cpp(568,26): warning C4305: 'initializing': truncation from 'double' to '_Ty'
C:\Users\USER\source\repos\Project117\main.cpp(568,26): warning C4305:         with
C:\Users\USER\source\repos\Project117\main.cpp(568,26): warning C4305:         [
C:\Users\USER\source\repos\Project117\main.cpp(568,26): warning C4305:             _Ty=float
C:\Users\USER\source\repos\Project117\main.cpp(568,26): warning C4305:         ]
C:\Users\USER\source\repos\Project117\main.cpp(569,9): warning C4305: 'initializing': truncation from 'double' to '_Ty'
C:\Users\USER\source\repos\Project117\main.cpp(569,9): warning C4305:         with
C:\Users\USER\source\repos\Project117\main.cpp(569,9): warning C4305:         [
C:\Users\USER\source\repos\Project117\main.cpp(569,9): warning C4305:             _Ty=float
C:\Users\USER\source\repos\Project117\main.cpp(569,9): warning C4305:         ]
C:\Users\USER\source\repos\Project117\main.cpp(569,18): warning C4305: 'initializing': truncation from 'double' to '_Ty'
C:\Users\USER\source\repos\Project117\main.cpp(569,18): warning C4305:         with
C:\Users\USER\source\repos\Project117\main.cpp(569,18): warning C4305:         [
C:\Users\USER\source\repos\Project117\main.cpp(569,18): warning C4305:             _Ty=float
C:\Users\USER\source\repos\Project117\main.cpp(569,18): warning C4305:         ]
C:\Users\USER\source\repos\Project117\main.cpp(569,26): warning C4305: 'initializing': truncation from 'double' to '_Ty'
C:\Users\USER\source\repos\Project117\main.cpp(569,26): warning C4305:         with
C:\Users\USER\source\repos\Project117\main.cpp(569,26): warning C4305:         [
C:\Users\USER\source\repos\Project117\main.cpp(569,26): warning C4305:             _Ty=float
C:\Users\USER\source\repos\Project117\main.cpp(569,26): warning C4305:         ]
C:\Users\USER\source\repos\Project117\main.cpp(570,9): warning C4305: 'initializing': truncation from 'double' to '_Ty'
C:\Users\USER\source\repos\Project117\main.cpp(570,9): warning C4305:         with
C:\Users\USER\source\repos\Project117\main.cpp(570,9): warning C4305:         [
C:\Users\USER\source\repos\Project117\main.cpp(570,9): warning C4305:             _Ty=float
C:\Users\USER\source\repos\Project117\main.cpp(570,9): warning C4305:         ]
C:\Users\USER\source\repos\Project117\main.cpp(570,18): warning C4305: 'initializing': truncation from 'double' to '_Ty'
C:\Users\USER\source\repos\Project117\main.cpp(570,18): warning C4305:         with
C:\Users\USER\source\repos\Project117\main.cpp(570,18): warning C4305:         [
C:\Users\USER\source\repos\Project117\main.cpp(570,18): warning C4305:             _Ty=float
C:\Users\USER\source\repos\Project117\main.cpp(570,18): warning C4305:         ]
C:\Users\USER\source\repos\Project117\main.cpp(570,26): warning C4305: 'initializing': truncation from 'double' to '_Ty'
C:\Users\USER\source\repos\Project117\main.cpp(570,26): warning C4305:         with
C:\Users\USER\source\repos\Project117\main.cpp(570,26): warning C4305:         [
C:\Users\USER\source\repos\Project117\main.cpp(570,26): warning C4305:             _Ty=float
C:\Users\USER\source\repos\Project117\main.cpp(570,26): warning C4305:         ]
C:\Users\USER\source\repos\Project117\main.cpp(571,9): warning C4305: 'initializing': truncation from 'double' to '_Ty'
C:\Users\USER\source\repos\Project117\main.cpp(571,9): warning C4305:         with
C:\Users\USER\source\repos\Project117\main.cpp(571,9): warning C4305:         [
C:\Users\USER\source\repos\Project117\main.cpp(571,9): warning C4305:             _Ty=float
C:\Users\USER\source\repos\Project117\main.cpp(571,9): warning C4305:         ]
C:\Users\USER\source\repos\Project117\main.cpp(571,18): warning C4305: 'initializing': truncation from 'double' to '_Ty'
C:\Users\USER\source\repos\Project117\main.cpp(571,18): warning C4305:         with
C:\Users\USER\source\repos\Project117\main.cpp(571,18): warning C4305:         [
C:\Users\USER\source\repos\Project117\main.cpp(571,18): warning C4305:             _Ty=float
C:\Users\USER\source\repos\Project117\main.cpp(571,18): warning C4305:         ]
C:\Users\USER\source\repos\Project117\main.cpp(571,26): warning C4305: 'initializing': truncation from 'double' to '_Ty'
C:\Users\USER\source\repos\Project117\main.cpp(571,26): warning C4305:         with
C:\Users\USER\source\repos\Project117\main.cpp(571,26): warning C4305:         [
C:\Users\USER\source\repos\Project117\main.cpp(571,26): warning C4305:             _Ty=float
C:\Users\USER\source\repos\Project117\main.cpp(571,26): warning C4305:         ]
C:\Users\USER\source\repos\Project117\main.cpp(572,9): warning C4305: 'initializing': truncation from 'double' to '_Ty'
C:\Users\USER\source\repos\Project117\main.cpp(572,9): warning C4305:         with
C:\Users\USER\source\repos\Project117\main.cpp(572,9): warning C4305:         [
C:\Users\USER\source\repos\Project117\main.cpp(572,9): warning C4305:             _Ty=float
C:\Users\USER\source\repos\Project117\main.cpp(572,9): warning C4305:         ]
C:\Users\USER\source\repos\Project117\main.cpp(572,18): warning C4305: 'initializing': truncation from 'double' to '_Ty'
C:\Users\USER\source\repos\Project117\main.cpp(572,18): warning C4305:         with
C:\Users\USER\source\repos\Project117\main.cpp(572,18): warning C4305:         [
C:\Users\USER\source\repos\Project117\main.cpp(572,18): warning C4305:             _Ty=float
C:\Users\USER\source\repos\Project117\main.cpp(572,18): warning C4305:         ]
C:\Users\USER\source\repos\Project117\main.cpp(572,26): warning C4305: 'initializing': truncation from 'double' to '_Ty'
C:\Users\USER\source\repos\Project117\main.cpp(572,26): warning C4305:         with
C:\Users\USER\source\repos\Project117\main.cpp(572,26): warning C4305:         [
C:\Users\USER\source\repos\Project117\main.cpp(572,26): warning C4305:             _Ty=float
C:\Users\USER\source\repos\Project117\main.cpp(572,26): warning C4305:         ]
C:\Users\USER\source\repos\Project117\main.cpp(573,18): warning C4305: 'initializing': truncation from 'double' to '_Ty'
C:\Users\USER\source\repos\Project117\main.cpp(573,18): warning C4305:         with
C:\Users\USER\source\repos\Project117\main.cpp(573,18): warning C4305:         [
C:\Users\USER\source\repos\Project117\main.cpp(573,18): warning C4305:             _Ty=float
C:\Users\USER\source\repos\Project117\main.cpp(573,18): warning C4305:         ]
C:\Users\USER\source\repos\Project117\main.cpp(573,26): warning C4305: 'initializing': truncation from 'double' to '_Ty'
C:\Users\USER\source\repos\Project117\main.cpp(573,26): warning C4305:         with
C:\Users\USER\source\repos\Project117\main.cpp(573,26): warning C4305:         [
C:\Users\USER\source\repos\Project117\main.cpp(573,26): warning C4305:             _Ty=float
C:\Users\USER\source\repos\Project117\main.cpp(573,26): warning C4305:         ]
C:\Users\USER\source\repos\Project117\main.cpp(574,9): warning C4305: 'initializing': truncation from 'double' to '_Ty'
C:\Users\USER\source\repos\Project117\main.cpp(574,9): warning C4305:         with
C:\Users\USER\source\repos\Project117\main.cpp(574,9): warning C4305:         [
C:\Users\USER\source\repos\Project117\main.cpp(574,9): warning C4305:             _Ty=float
C:\Users\USER\source\repos\Project117\main.cpp(574,9): warning C4305:         ]
C:\Users\USER\source\repos\Project117\main.cpp(574,18): warning C4305: 'initializing': truncation from 'double' to '_Ty'
C:\Users\USER\source\repos\Project117\main.cpp(574,18): warning C4305:         with
C:\Users\USER\source\repos\Project117\main.cpp(574,18): warning C4305:         [
C:\Users\USER\source\repos\Project117\main.cpp(574,18): warning C4305:             _Ty=float
C:\Users\USER\source\repos\Project117\main.cpp(574,18): warning C4305:         ]
C:\Users\USER\source\repos\Project117\main.cpp(574,26): warning C4305: 'initializing': truncation from 'double' to '_Ty'
C:\Users\USER\source\repos\Project117\main.cpp(574,26): warning C4305:         with
C:\Users\USER\source\repos\Project117\main.cpp(574,26): warning C4305:         [
C:\Users\USER\source\repos\Project117\main.cpp(574,26): warning C4305:             _Ty=float
C:\Users\USER\source\repos\Project117\main.cpp(574,26): warning C4305:         ]
C:\Users\USER\source\repos\Project117\main.cpp(575,9): warning C4305: 'initializing': truncation from 'double' to '_Ty'
C:\Users\USER\source\repos\Project117\main.cpp(575,9): warning C4305:         with
C:\Users\USER\source\repos\Project117\main.cpp(575,9): warning C4305:         [
C:\Users\USER\source\repos\Project117\main.cpp(575,9): warning C4305:             _Ty=float
C:\Users\USER\source\repos\Project117\main.cpp(575,9): warning C4305:         ]
C:\Users\USER\source\repos\Project117\main.cpp(575,18): warning C4305: 'initializing': truncation from 'double' to '_Ty'
C:\Users\USER\source\repos\Project117\main.cpp(575,18): warning C4305:         with
C:\Users\USER\source\repos\Project117\main.cpp(575,18): warning C4305:         [
C:\Users\USER\source\repos\Project117\main.cpp(575,18): warning C4305:             _Ty=float
C:\Users\USER\source\repos\Project117\main.cpp(575,18): warning C4305:         ]
C:\Users\USER\source\repos\Project117\main.cpp(575,26): warning C4305: 'initializing': truncation from 'double' to '_Ty'
C:\Users\USER\source\repos\Project117\main.cpp(575,26): warning C4305:         with
C:\Users\USER\source\repos\Project117\main.cpp(575,26): warning C4305:         [
C:\Users\USER\source\repos\Project117\main.cpp(575,26): warning C4305:             _Ty=float
C:\Users\USER\source\repos\Project117\main.cpp(575,26): warning C4305:         ]
C:\Users\USER\source\repos\Project117\main.cpp(1632,22): warning C4305: 'initializing': truncation from 'double' to 'float'
C:\Users\USER\source\repos\Project117\main.cpp(1633,17): warning C4305: 'initializing': truncation from 'double' to 'float'
C:\Users\USER\source\repos\Project117\main.cpp(1634,18): warning C4305: 'initializing': truncation from 'double' to 'float'
C:\Users\USER\source\repos\Project117\main.cpp(1655,59): warning C4305: 'argument': truncation from 'double' to 'float'
C:\Users\USER\source\repos\Project117\main.cpp(1655,52): warning C4305: 'argument': truncation from 'double' to 'float'
C:\Users\USER\source\repos\Project117\main.cpp(1655,46): warning C4305: 'argument': truncation from 'double' to 'float'
C:\Users\USER\source\repos\Project117\main.cpp(1662,59): warning C4305: 'argument': truncation from 'double' to 'float'
C:\Users\USER\source\repos\Project117\main.cpp(1662,52): warning C4305: 'argument': truncation from 'double' to 'float'
C:\Users\USER\source\repos\Project117\main.cpp(1662,46): warning C4305: 'argument': truncation from 'double' to 'float'
C:\Users\USER\source\repos\Project117\main.cpp(1669,59): warning C4305: 'argument': truncation from 'double' to 'float'
C:\Users\USER\source\repos\Project117\main.cpp(1669,52): warning C4305: 'argument': truncation from 'double' to 'float'
C:\Users\USER\source\repos\Project117\main.cpp(1669,46): warning C4305: 'argument': truncation from 'double' to 'float'
C:\Users\USER\source\repos\Project117\main.cpp(1676,59): warning C4305: 'argument': truncation from 'double' to 'float'
C:\Users\USER\source\repos\Project117\main.cpp(1676,52): warning C4305: 'argument': truncation from 'double' to 'float'
C:\Users\USER\source\repos\Project117\main.cpp(1676,46): warning C4305: 'argument': truncation from 'double' to 'float'
C:\Users\USER\source\repos\Project117\main.cpp(1741,22): warning C4305: 'initializing': truncation from 'double' to 'float'
C:\Users\USER\source\repos\Project117\main.cpp(1761,22): warning C4305: 'initializing': truncation from 'double' to 'float'
C:\Users\USER\source\repos\Project117\main.cpp(1762,17): warning C4305: 'initializing': truncation from 'double' to 'float'
C:\Users\USER\source\repos\Project117\main.cpp(1763,18): warning C4305: 'initializing': truncation from 'double' to 'float'
C:\Users\USER\source\repos\Project117\main.cpp(1782,17): warning C4305: 'initializing': truncation from 'double' to 'float'
C:\Users\USER\source\repos\Project117\main.cpp(1808,14): warning C4305: '=': truncation from 'double' to 'float'
C:\Users\USER\source\repos\Project117\main.cpp(1887,22): warning C4305: 'initializing': truncation from 'double' to 'float'
C:\Users\USER\source\repos\Project117\main.cpp(1888,17): warning C4305: 'initializing': truncation from 'double' to 'float'
C:\Users\USER\source\repos\Project117\main.cpp(1918,14): warning C4305: '=': truncation from 'double' to 'float'
C:\Users\USER\source\repos\Project117\main.cpp(1998,22): warning C4305: 'initializing': truncation from 'double' to 'float'
C:\Users\USER\source\repos\Project117\main.cpp(1999,17): warning C4305: 'initializing': truncation from 'double' to 'float'
C:\Users\USER\source\repos\Project117\main.cpp(2000,18): warning C4305: 'initializing': truncation from 'double' to 'float'
C:\Users\USER\source\repos\Project117\main.cpp(2036,22): warning C4305: 'initializing': truncation from 'double' to 'float'
C:\Users\USER\source\repos\Project117\main.cpp(2037,17): warning C4305: 'initializing': truncation from 'double' to 'float'
C:\Users\USER\source\repos\Project117\main.cpp(2038,18): warning C4305: 'initializing': truncation from 'double' to 'float'
C:\Users\USER\source\repos\Project117\main.cpp(2078,18): warning C4305: 'initializing': truncation from 'double' to 'float'
C:\Users\USER\source\repos\Project117\main.cpp(2079,18): warning C4305: 'initializing': truncation from 'double' to 'float'
C:\Users\USER\source\repos\Project117\main.cpp(2132,18): warning C4305: 'initializing': truncation from 'double' to 'float'
C:\Users\USER\source\repos\Project117\main.cpp(2133,18): warning C4305: 'initializing': truncation from 'double' to 'float'
C:\Users\USER\source\repos\Project117\main.cpp(2134,17): warning C4305: 'initializing': truncation from 'double' to 'float'
C:\Users\USER\source\repos\Project117\main.cpp(2226,17): warning C4305: 'initializing': truncation from 'double' to 'float'
C:\Users\USER\source\repos\Project117\main.cpp(2254,14): warning C4305: '=': truncation from 'double' to 'float'
C:\Users\USER\source\repos\Project117\main.cpp(2403,17): warning C4305: 'initializing': truncation from 'double' to 'float'
C:\Users\USER\source\repos\Project117\main.cpp(2432,14): warning C4305: '=': truncation from 'double' to 'float'
C:\Users\USER\source\repos\Project117\main.cpp(2580,22): warning C4305: 'initializing': truncation from 'double' to 'float'
C:\Users\USER\source\repos\Project117\main.cpp(2636,22): warning C4305: 'initializing': truncation from 'double' to 'float'
C:\Users\USER\source\repos\Project117\main.cpp(2639,23): warning C4305: 'initializing': truncation from 'double' to 'float'
C:\Users\USER\source\repos\Project117\main.cpp(2640,24): warning C4305: 'initializing': truncation from 'double' to 'float'
C:\Users\USER\source\repos\Project117\main.cpp(2641,24): warning C4305: 'initializing': truncation from 'double' to 'float'
C:\Users\USER\source\repos\Project117\main.cpp(2642,25): warning C4305: 'initializing': truncation from 'double' to 'float'
C:\Users\USER\source\repos\Project117\main.cpp(2643,22): warning C4305: 'initializing': truncation from 'double' to 'float'
C:\Users\USER\source\repos\Project117\main.cpp(2725,22): warning C4305: 'initializing': truncation from 'double' to 'float'
C:\Users\USER\source\repos\Project117\main.cpp(2728,23): warning C4305: 'initializing': truncation from 'double' to 'float'
C:\Users\USER\source\repos\Project117\main.cpp(2729,24): warning C4305: 'initializing': truncation from 'double' to 'float'
C:\Users\USER\source\repos\Project117\main.cpp(2730,24): warning C4305: 'initializing': truncation from 'double' to 'float'
C:\Users\USER\source\repos\Project117\main.cpp(2731,25): warning C4305: 'initializing': truncation from 'double' to 'float'
C:\Users\USER\source\repos\Project117\main.cpp(2877,60): warning C4305: 'argument': truncation from 'double' to 'float'
C:\Users\USER\source\repos\Project117\main.cpp(2877,53): warning C4305: 'argument': truncation from 'double' to 'float'
C:\Users\USER\source\repos\Project117\main.cpp(2877,46): warning C4305: 'argument': truncation from 'double' to 'float'
C:\Users\USER\source\repos\Project117\main.cpp(2925,17): warning C4305: 'initializing': truncation from 'double' to 'float'
C:\Users\USER\source\repos\Project117\main.cpp(2963,14): warning C4305: '=': truncation from 'double' to 'float'
C:\Users\USER\source\repos\Project117\main.cpp(2976,17): warning C4305: 'initializing': truncation from 'double' to 'float'
C:\Users\USER\source\repos\Project117\main.cpp(3015,14): warning C4305: '=': truncation from 'double' to 'float'
C:\Users\USER\source\repos\Project117\main.cpp(3027,22): warning C4305: 'initializing': truncation from 'double' to 'float'
C:\Users\USER\source\repos\Project117\main.cpp(3047,22): warning C4305: 'initializing': truncation from 'double' to 'float'
C:\Users\USER\source\repos\Project117\main.cpp(3048,17): warning C4305: 'initializing': truncation from 'double' to 'float'
C:\Users\USER\source\repos\Project117\main.cpp(3049,18): warning C4305: 'initializing': truncation from 'double' to 'float'
C:\Users\USER\source\repos\Project117\main.cpp(3065,20): warning C4305: 'initializing': truncation from 'double' to 'float'
C:\Users\USER\source\repos\Project117\main.cpp(3066,21): warning C4305: 'initializing': truncation from 'double' to 'float'
C:\Users\USER\source\repos\Project117\main.cpp(3073,59): warning C4305: 'argument': truncation from 'double' to 'float'
C:\Users\USER\source\repos\Project117\main.cpp(3073,52): warning C4305: 'argument': truncation from 'double' to 'float'
C:\Users\USER\source\repos\Project117\main.cpp(3073,46): warning C4305: 'argument': truncation from 'double' to 'float'
C:\Users\USER\source\repos\Project117\main.cpp(3080,59): warning C4305: 'argument': truncation from 'double' to 'float'
C:\Users\USER\source\repos\Project117\main.cpp(3080,52): warning C4305: 'argument': truncation from 'double' to 'float'
C:\Users\USER\source\repos\Project117\main.cpp(3080,46): warning C4305: 'argument': truncation from 'double' to 'float'
C:\Users\USER\source\repos\Project117\main.cpp(3087,59): warning C4305: 'argument': truncation from 'double' to 'float'
C:\Users\USER\source\repos\Project117\main.cpp(3087,52): warning C4305: 'argument': truncation from 'double' to 'float'
C:\Users\USER\source\repos\Project117\main.cpp(3087,46): warning C4305: 'argument': truncation from 'double' to 'float'
C:\Users\USER\source\repos\Project117\main.cpp(3094,59): warning C4305: 'argument': truncation from 'double' to 'float'
C:\Users\USER\source\repos\Project117\main.cpp(3094,52): warning C4305: 'argument': truncation from 'double' to 'float'
C:\Users\USER\source\repos\Project117\main.cpp(3094,46): warning C4305: 'argument': truncation from 'double' to 'float'
C:\Users\USER\source\repos\Project117\main.cpp(3099,22): warning C4305: 'initializing': truncation from 'double' to 'float'
C:\Users\USER\source\repos\Project117\main.cpp(3100,17): warning C4305: 'initializing': truncation from 'double' to 'float'
C:\Users\USER\source\repos\Project117\main.cpp(3101,18): warning C4305: 'initializing': truncation from 'double' to 'float'
C:\Users\USER\source\repos\Project117\main.cpp(3118,20): warning C4305: 'initializing': truncation from 'double' to 'float'
C:\Users\USER\source\repos\Project117\main.cpp(3119,21): warning C4305: 'initializing': truncation from 'double' to 'float'
C:\Users\USER\source\repos\Project117\main.cpp(3126,59): warning C4305: 'argument': truncation from 'double' to 'float'
C:\Users\USER\source\repos\Project117\main.cpp(3126,52): warning C4305: 'argument': truncation from 'double' to 'float'
C:\Users\USER\source\repos\Project117\main.cpp(3126,46): warning C4305: 'argument': truncation from 'double' to 'float'
C:\Users\USER\source\repos\Project117\main.cpp(3133,59): warning C4305: 'argument': truncation from 'double' to 'float'
C:\Users\USER\source\repos\Project117\main.cpp(3133,52): warning C4305: 'argument': truncation from 'double' to 'float'
C:\Users\USER\source\repos\Project117\main.cpp(3133,46): warning C4305: 'argument': truncation from 'double' to 'float'
C:\Users\USER\source\repos\Project117\main.cpp(3140,59): warning C4305: 'argument': truncation from 'double' to 'float'
C:\Users\USER\source\repos\Project117\main.cpp(3140,52): warning C4305: 'argument': truncation from 'double' to 'float'
C:\Users\USER\source\repos\Project117\main.cpp(3140,46): warning C4305: 'argument': truncation from 'double' to 'float'
C:\Users\USER\source\repos\Project117\main.cpp(3147,59): warning C4305: 'argument': truncation from 'double' to 'float'
C:\Users\USER\source\repos\Project117\main.cpp(3147,52): warning C4305: 'argument': truncation from 'double' to 'float'
C:\Users\USER\source\repos\Project117\main.cpp(3147,46): warning C4305: 'argument': truncation from 'double' to 'float'
C:\Users\USER\source\repos\Project117\main.cpp(3239,55): warning C4305: 'argument': truncation from 'double' to 'float'
C:\Users\USER\source\repos\Project117\main.cpp(3239,50): warning C4305: 'argument': truncation from 'double' to 'float'
C:\Users\USER\source\repos\Project117\main.cpp(3239,43): warning C4244: 'argument': conversion from 'double' to 'float', possible loss of data
C:\Users\USER\source\repos\Project117\main.cpp(3239,34): warning C4244: 'argument': conversion from 'double' to 'float', possible loss of data
C:\Users\USER\source\repos\Project117\main.cpp(3239,25): warning C4244: 'argument': conversion from 'double' to 'float', possible loss of data
C:\Users\USER\source\repos\Project117\main.cpp(3245,58): warning C4305: 'argument': truncation from 'double' to 'float'
C:\Users\USER\source\repos\Project117\main.cpp(3245,50): warning C4305: 'argument': truncation from 'double' to 'float'
C:\Users\USER\source\repos\Project117\main.cpp(3245,43): warning C4244: 'argument': conversion from 'double' to 'float', possible loss of data
C:\Users\USER\source\repos\Project117\main.cpp(3245,34): warning C4244: 'argument': conversion from 'double' to 'float', possible loss of data
C:\Users\USER\source\repos\Project117\main.cpp(3245,25): warning C4244: 'argument': conversion from 'double' to 'float', possible loss of data
C:\Users\USER\source\repos\Project117\main.cpp(3251,59): warning C4305: 'argument': truncation from 'double' to 'float'
C:\Users\USER\source\repos\Project117\main.cpp(3251,51): warning C4305: 'argument': truncation from 'double' to 'float'
C:\Users\USER\source\repos\Project117\main.cpp(3251,44): warning C4244: 'argument': conversion from 'double' to 'float', possible loss of data
C:\Users\USER\source\repos\Project117\main.cpp(3251,34): warning C4244: 'argument': conversion from 'double' to 'float', possible loss of data
C:\Users\USER\source\repos\Project117\main.cpp(3251,25): warning C4244: 'argument': conversion from 'double' to 'float', possible loss of data
C:\Users\USER\source\repos\Project117\main.cpp(3257,59): warning C4305: 'argument': truncation from 'double' to 'float'
C:\Users\USER\source\repos\Project117\main.cpp(3257,51): warning C4305: 'argument': truncation from 'double' to 'float'
C:\Users\USER\source\repos\Project117\main.cpp(3257,44): warning C4244: 'argument': conversion from 'double' to 'float', possible loss of data
C:\Users\USER\source\repos\Project117\main.cpp(3257,34): warning C4244: 'argument': conversion from 'double' to 'float', possible loss of data
C:\Users\USER\source\repos\Project117\main.cpp(3257,25): warning C4244: 'argument': conversion from 'double' to 'float', possible loss of data
C:\Users\USER\source\repos\Project117\main.cpp(3514,17): warning C4305: 'initializing': truncation from 'double' to 'float'
C:\Users\USER\source\repos\Project117\main.cpp(3555,14): warning C4305: '=': truncation from 'double' to 'float'
C:\Users\USER\source\repos\Project117\main.cpp(3580,17): warning C4305: 'initializing': truncation from 'double' to 'float'
C:\Users\USER\source\repos\Project117\main.cpp(3622,14): warning C4305: '=': truncation from 'double' to 'float'
C:\Users\USER\source\repos\Project117\main.cpp(3647,22): warning C4305: 'initializing': truncation from 'double' to 'float'
C:\Users\USER\source\repos\Project117\main.cpp(3739,22): warning C4305: 'initializing': truncation from 'double' to 'float'
C:\Users\USER\source\repos\Project117\main.cpp(3740,17): warning C4305: 'initializing': truncation from 'double' to 'float'
C:\Users\USER\source\repos\Project117\main.cpp(3743,24): warning C4305: 'initializing': truncation from 'double' to 'float'
C:\Users\USER\source\repos\Project117\main.cpp(3744,24): warning C4305: 'initializing': truncation from 'double' to 'float'
C:\Users\USER\source\repos\Project117\main.cpp(3746,22): warning C4305: 'initializing': truncation from 'double' to 'float'
C:\Users\USER\source\repos\Project117\main.cpp(3867,22): warning C4305: 'initializing': truncation from 'double' to 'float'
C:\Users\USER\source\repos\Project117\main.cpp(3868,17): warning C4305: 'initializing': truncation from 'double' to 'float'
C:\Users\USER\source\repos\Project117\main.cpp(3871,24): warning C4305: 'initializing': truncation from 'double' to 'float'
C:\Users\USER\source\repos\Project117\main.cpp(3872,24): warning C4305: 'initializing': truncation from 'double' to 'float'
C:\Users\USER\source\repos\Project117\main.cpp(3874,22): warning C4305: 'initializing': truncation from 'double' to 'float'
C:\Users\USER\source\repos\Project117\main.cpp(3997,22): warning C4305: 'initializing': truncation from 'double' to 'float'
C:\Users\USER\source\repos\Project117\main.cpp(4017,22): warning C4305: 'initializing': truncation from 'double' to 'float'
C:\Users\USER\source\repos\Project117\main.cpp(4018,17): warning C4305: 'initializing': truncation from 'double' to 'float'
C:\Users\USER\source\repos\Project117\main.cpp(4019,18): warning C4305: 'initializing': truncation from 'double' to 'float'
C:\Users\USER\source\repos\Project117\main.cpp(4043,22): warning C4305: 'initializing': truncation from 'double' to 'float'
C:\Users\USER\source\repos\Project117\main.cpp(4044,17): warning C4305: 'initializing': truncation from 'double' to 'float'
C:\Users\USER\source\repos\Project117\main.cpp(4045,18): warning C4305: 'initializing': truncation from 'double' to 'float'
C:\Users\USER\source\repos\Project117\main.cpp(4069,22): warning C4305: 'initializing': truncation from 'double' to 'float'
C:\Users\USER\source\repos\Project117\main.cpp(4096,22): warning C4305: 'initializing': truncation from 'double' to 'float'
C:\Users\USER\source\repos\Project117\main.cpp(4123,22): warning C4305: 'initializing': truncation from 'double' to 'float'
C:\Users\USER\source\repos\Project117\main.cpp(4190,17): warning C4305: 'initializing': truncation from 'double' to 'float'
C:\Users\USER\source\repos\Project117\main.cpp(4192,20): warning C4244: 'initializing': conversion from 'double' to 'float', possible loss of data
C:\Users\USER\source\repos\Project117\main.cpp(4279,17): warning C4305: 'initializing': truncation from 'double' to 'float'
C:\Users\USER\source\repos\Project117\main.cpp(4281,20): warning C4244: 'initializing': conversion from 'double' to 'float', possible loss of data
C:\Users\USER\source\repos\Project117\main.cpp(4571,70): warning C4305: '+=': truncation from 'double' to 'float'
C:\Users\USER\source\repos\Project117\main.cpp(4582,26): warning C4305: '+=': truncation from 'double' to 'float'
C:\Users\USER\source\repos\Project117\main.cpp(4589,26): warning C4305: '+=': truncation from 'double' to 'float'
C:\Users\USER\source\repos\Project117\main.cpp(4596,26): warning C4305: '+=': truncation from 'double' to 'float'
C:\Users\USER\source\repos\Project117\main.cpp(4619,21): warning C4244: '-=': conversion from 'double' to 'float', possible loss of data
C:\Users\USER\source\repos\Project117\main.cpp(4624,21): warning C4244: '+=': conversion from 'double' to 'float', possible loss of data
C:\Users\USER\source\repos\Project117\main.cpp(4657,36): warning C4305: '+=': truncation from 'double' to 'float'
C:\Users\USER\source\repos\Project117\main.cpp(4662,36): warning C4305: '-=': truncation from 'double' to 'float'
  Project117.vcxproj -> C:\Users\USER\source\repos\Project117\x64\Debug\Project117.exe
